2024-12-02 20:28:12,244 - INFO - Firewall initialized
2024-12-02 20:32:56,461 - INFO - Firewall initialized
2024-12-02 20:32:56,462 - ERROR - Error loading rules: Expecting value: line 1 column 1 (char 0)
2024-12-02 21:38:06,426 - INFO - Firewall initialized
2024-12-02 21:38:06,426 - ERROR - Error loading rules: Expecting value: line 1 column 1 (char 0)
2024-12-02 21:42:25,393 - INFO - Firewall initialized
2024-12-02 21:42:25,394 - ERROR - Error loading rules: Expecting value: line 1 column 1 (char 0)
2024-12-02 21:43:31,599 - INFO - Firewall initialized
2024-12-02 21:43:31,600 - ERROR - Error loading rules: Expecting value: line 1 column 1 (char 0)
2024-12-02 21:43:52,178 - INFO - Firewall initialized
2024-12-02 21:43:52,179 - ERROR - Error loading rules: Expecting value: line 1 column 1 (char 0)
2024-12-02 21:44:10,633 - INFO - Firewall initialized
2024-12-02 21:44:10,633 - ERROR - Error loading rules: Expecting value: line 1 column 1 (char 0)
2024-12-02 21:45:11,908 - INFO - Firewall initialized
2024-12-02 21:45:11,909 - ERROR - Error loading rules: Expecting value: line 1 column 1 (char 0)
2024-12-02 21:45:49,130 - INFO - Firewall initialized
2024-12-02 21:45:49,130 - ERROR - Error loading rules: Expecting value: line 1 column 1 (char 0)
2024-12-02 21:45:56,707 - INFO - Firewall initialized
2024-12-02 21:45:56,707 - ERROR - Error loading rules: Expecting value: line 1 column 1 (char 0)
2024-12-02 21:45:56,708 - ERROR - Error adding rule: Expecting value: line 1 column 1 (char 0)
2024-12-02 21:46:44,002 - INFO - Firewall initialized
2024-12-02 21:46:44,003 - ERROR - Error loading rules: Expecting value: line 1 column 1 (char 0)
2024-12-02 21:46:44,003 - INFO - Rule added: {'src': '192.168.1.100', 'action': 'BLOCK'}
2024-12-02 21:47:00,242 - INFO - Firewall initialized
2024-12-02 21:47:00,243 - ERROR - Error loading rules: Expecting value: line 1 column 1 (char 0)
2024-12-02 21:47:13,827 - INFO - Firewall initialized
2024-12-02 21:47:13,827 - ERROR - Error loading rules: Expecting value: line 1 column 1 (char 0)
2024-12-02 21:47:23,675 - INFO - Firewall initialized
2024-12-02 21:47:23,676 - ERROR - Error loading rules: Expecting value: line 1 column 1 (char 0)
2024-12-02 21:50:13,966 - INFO - Firewall initialized
2024-12-02 21:50:13,967 - ERROR - Error loading rules: Expecting value: line 1 column 1 (char 0)
2024-12-02 21:50:18,320 - INFO - Firewall initialized
2024-12-02 21:50:18,320 - ERROR - Error loading rules: Expecting value: line 1 column 1 (char 0)
2024-12-02 21:51:23,107 - INFO - Firewall initialized
2024-12-02 21:51:23,107 - ERROR - Error loading rules: Expecting value: line 1 column 1 (char 0)
2024-12-02 21:51:32,456 - INFO - Firewall initialized
2024-12-02 21:51:32,456 - ERROR - Error loading rules: Expecting value: line 1 column 1 (char 0)
2024-12-02 22:22:31,295 - INFO - Firewall initialized
2024-12-02 22:22:31,295 - ERROR - Error loading rules: Expecting value: line 1 column 1 (char 0)
2024-12-02 22:25:21,529 - INFO - Firewall initialized
2024-12-02 22:25:21,529 - ERROR - Error loading rules: Expecting value: line 1 column 1 (char 0)
2024-12-02 22:26:59,058 - INFO - Firewall initialized
2024-12-02 22:26:59,058 - ERROR - Error loading rules: Expecting value: line 1 column 1 (char 0)
2024-12-02 22:27:17,263 - INFO - Firewall initialized
2024-12-02 22:27:17,263 - ERROR - Error loading rules: Expecting value: line 1 column 1 (char 0)
2024-12-02 23:03:18,339 - INFO - Firewall initialized
2024-12-02 23:03:18,339 - ERROR - Error loading rules: Expecting value: line 1 column 1 (char 0)
2024-12-03 13:37:55,675 - INFO - Firewall initialized
2024-12-03 13:37:55,676 - INFO - Rules loaded successfully
2024-12-03 13:46:28,463 - INFO - Firewall initialized
2024-12-03 13:46:28,464 - INFO - Rules loaded successfully
2024-12-03 13:52:10,689 - INFO - Firewall initialized
2024-12-03 13:52:10,689 - INFO - Rules loaded successfully
2024-12-03 13:52:25,675 - INFO - Firewall initialized
2024-12-03 13:52:25,676 - INFO - Rules loaded successfully
2024-12-03 13:55:08,496 - INFO - Firewall initialized
2024-12-03 13:55:08,496 - INFO - Rules loaded successfully
2024-12-03 13:59:49,994 - INFO - Firewall initialized
2024-12-03 13:59:49,994 - INFO - Rules loaded successfully
2024-12-03 14:03:37,569 - INFO - Firewall initialized
2024-12-03 14:03:37,570 - INFO - Rules loaded successfully
2024-12-03 14:06:32,500 - INFO - Firewall initialized
2024-12-03 14:06:32,500 - INFO - Rules loaded successfully
2024-12-03 14:06:32,501 - ERROR - Error adding rule: 'dict' object has no attribute 'append'
2024-12-03 14:07:48,608 - INFO - Firewall initialized
2024-12-03 14:07:48,608 - INFO - Rules loaded successfully
2024-12-03 14:07:48,609 - ERROR - Error adding rule: 'dict' object has no attribute 'append'
2024-12-03 14:09:26,222 - INFO - Firewall initialized
2024-12-03 14:09:26,223 - INFO - Rules loaded successfully
2024-12-03 14:09:26,224 - ERROR - Error adding rule: 'dict' object has no attribute 'append'
2024-12-03 14:10:24,434 - INFO - Firewall initialized
2024-12-03 14:10:24,435 - INFO - Rules loaded successfully
2024-12-03 14:10:24,435 - ERROR - Error adding rule: 'dict' object has no attribute 'append'
2024-12-03 14:11:25,495 - INFO - Firewall initialized
2024-12-03 14:11:25,495 - INFO - Rules loaded successfully
2024-12-03 14:11:25,496 - ERROR - Error adding rule: 'dict' object has no attribute 'append'
2024-12-03 14:12:13,955 - INFO - Firewall initialized
2024-12-03 14:12:13,956 - INFO - Rules loaded successfully
2024-12-03 14:12:13,956 - INFO - Rule added: {'action': 'allow', 'protocol': 'tcp', 'port': 80, 'source_ip': '192.168.1.1'}
2024-12-03 14:13:42,873 - INFO - Firewall initialized
2024-12-03 14:13:42,873 - INFO - Rules loaded successfully
2024-12-03 14:13:42,874 - INFO - Rule added: {'action': 'allow', 'protocol': 'tcp', 'port': 80, 'source_ip': '192.168.1.1'}
2024-12-03 14:14:32,833 - INFO - Firewall initialized
2024-12-03 14:14:32,833 - INFO - Rules loaded successfully
2024-12-03 14:14:32,834 - ERROR - Error adding rule: 'dict' object has no attribute 'append'
2024-12-03 14:28:49,810 - INFO - Firewall initialized
2024-12-03 14:28:49,811 - INFO - Rules loaded successfully
2024-12-03 14:28:49,811 - ERROR - Error adding rule: 'dict' object has no attribute 'append'
2024-12-03 14:30:17,355 - INFO - Firewall initialized
2024-12-03 14:30:17,355 - INFO - Rules loaded successfully
2024-12-03 14:30:17,356 - ERROR - Error adding rule: 'dict' object has no attribute 'append'
2024-12-03 14:35:10,968 - INFO - Firewall initialized
2024-12-03 14:35:49,040 - INFO - Firewall initialized
2024-12-03 14:35:49,041 - INFO - Rules loaded successfully
2024-12-03 14:35:49,041 - ERROR - Error adding rule: 'dict' object has no attribute 'append'
2024-12-03 14:36:20,688 - INFO - Firewall initialized
2024-12-03 14:37:23,251 - INFO - Firewall initialized
2024-12-03 14:38:18,473 - INFO - Firewall initialized
2024-12-03 14:38:18,474 - ERROR - Error loading rules: RuleEngine.load_rules() takes 1 positional argument but 2 were given
2024-12-03 14:38:18,474 - ERROR - Error adding rule: 'dict' object has no attribute 'append'
2024-12-03 14:39:46,231 - INFO - Firewall initialized
2024-12-03 14:39:46,232 - ERROR - Error loading rules: RuleEngine.load_rules() takes 1 positional argument but 2 were given
2024-12-03 14:39:46,233 - INFO - Rule added: {'action': 'allow', 'protocol': 'tcp', 'port': 80, 'source_ip': '192.168.1.1'}
2024-12-03 14:41:48,489 - INFO - Firewall initialized
2024-12-03 14:41:48,489 - ERROR - Error loading rules: RuleEngine.load_rules() takes 1 positional argument but 2 were given
2024-12-03 14:41:48,490 - ERROR - Error removing rule: 'RuleEngine' object has no attribute 'remove_rule'
2024-12-03 14:43:46,057 - INFO - Firewall initialized
2024-12-03 14:43:46,057 - ERROR - Error loading rules: RuleEngine.load_rules() takes 1 positional argument but 2 were given
2024-12-03 14:43:46,059 - INFO - Rule removed: {'action': 'allow', 'protocol': 'tcp', 'port': 80, 'source_ip': '192.168.1.1'}
2024-12-03 14:44:36,943 - INFO - Firewall initialized
2024-12-03 14:44:36,943 - ERROR - Error loading rules: RuleEngine.load_rules() takes 1 positional argument but 2 were given
2024-12-03 14:44:44,754 - INFO - Firewall initialized
2024-12-03 14:44:44,754 - ERROR - Error loading rules: RuleEngine.load_rules() takes 1 positional argument but 2 were given
2024-12-03 14:44:44,756 - INFO - Rule added: {'action': 'allow', 'protocol': 'tcp', 'port': 80, 'source_ip': '192.168.1.1'}
2024-12-03 14:44:50,494 - INFO - Firewall initialized
2024-12-03 14:44:50,494 - ERROR - Error loading rules: RuleEngine.load_rules() takes 1 positional argument but 2 were given
2024-12-03 14:44:50,495 - INFO - Rule added: {'action': 'allow', 'protocol': 'tcp', 'port': 80, 'source_ip': '192.168.1.2'}
2024-12-03 14:44:54,957 - INFO - Firewall initialized
2024-12-03 14:44:54,957 - ERROR - Error loading rules: RuleEngine.load_rules() takes 1 positional argument but 2 were given
2024-12-03 14:44:54,958 - INFO - Rule added: {'action': 'allow', 'protocol': 'tcp', 'port': 80, 'source_ip': '192.168.1.3'}
2024-12-03 14:45:08,546 - INFO - Firewall initialized
2024-12-03 14:45:08,546 - ERROR - Error loading rules: RuleEngine.load_rules() takes 1 positional argument but 2 were given
2024-12-03 14:45:08,547 - INFO - Rule added: {'action': 'allow', 'protocol': 'ip', 'port': 443, 'source_ip': '192.168.1.3'}
2024-12-03 14:45:19,063 - INFO - Firewall initialized
2024-12-03 14:45:19,063 - ERROR - Error loading rules: RuleEngine.load_rules() takes 1 positional argument but 2 were given
2024-12-03 14:45:29,746 - INFO - Firewall initialized
2024-12-03 14:45:29,747 - ERROR - Error loading rules: RuleEngine.load_rules() takes 1 positional argument but 2 were given
2024-12-03 14:45:43,529 - INFO - Firewall initialized
2024-12-03 14:45:43,529 - ERROR - Error loading rules: RuleEngine.load_rules() takes 1 positional argument but 2 were given
2024-12-03 14:46:49,988 - INFO - Firewall initialized
2024-12-03 14:46:49,989 - ERROR - Error loading rules: RuleEngine.load_rules() takes 1 positional argument but 2 were given
2024-12-03 14:47:28,838 - INFO - Firewall initialized
2024-12-03 14:47:28,838 - ERROR - Error loading rules: RuleEngine.load_rules() takes 1 positional argument but 2 were given
2024-12-03 14:48:02,466 - INFO - Firewall initialized
2024-12-03 14:48:02,467 - ERROR - Error loading rules: RuleEngine.load_rules() takes 1 positional argument but 2 were given
2024-12-03 14:54:02,043 - INFO - Firewall initialized
2024-12-03 14:54:02,043 - ERROR - Error loading rules: RuleEngine.load_rules() takes 1 positional argument but 2 were given
2024-12-03 14:54:02,047 - ERROR - Test Error Message
2024-12-03 14:54:02,047 - INFO - Test Info Message
2024-12-03 14:58:16,602 - INFO - Firewall initialized
2024-12-03 14:58:16,603 - ERROR - Error loading rules: RuleEngine.load_rules() takes 1 positional argument but 2 were given
2024-12-03 14:58:16,609 - ERROR - Test Error Message
2024-12-03 14:58:16,610 - INFO - Test Info Message
2024-12-03 14:59:13,099 - INFO - Firewall initialized
2024-12-03 14:59:13,099 - ERROR - Error loading rules: RuleEngine.load_rules() takes 1 positional argument but 2 were given
2024-12-03 14:59:13,107 - ERROR - Test Error Message
2024-12-03 14:59:13,107 - INFO - Test Info Message
2024-12-03 15:00:16,624 - INFO - Firewall initialized
2024-12-03 15:00:16,624 - ERROR - Error loading rules: RuleEngine.load_rules() takes 1 positional argument but 2 were given
2024-12-03 15:00:16,629 - ERROR - Test Error Message
2024-12-03 15:00:16,630 - INFO - Test Info Message
2024-12-03 15:23:47,981 - INFO - Firewall initialized
2024-12-03 15:23:47,981 - ERROR - Error loading rules: RuleEngine.load_rules() takes 1 positional argument but 2 were given
2024-12-03 15:23:47,987 - ERROR - Test Error Message
2024-12-03 15:23:47,987 - INFO - Test Info Message
2024-12-03 15:24:33,021 - INFO - Firewall initialized
2024-12-03 15:24:33,021 - ERROR - Error loading rules: RuleEngine.load_rules() takes 1 positional argument but 2 were given
2024-12-03 15:24:33,026 - ERROR - Test Error Message
2024-12-03 15:24:33,027 - INFO - Test Info Message
2024-12-03 15:26:39,572 - INFO - Firewall initialized
2024-12-03 15:26:39,572 - ERROR - Error loading rules: RuleEngine.load_rules() takes 1 positional argument but 2 were given
2024-12-03 15:26:39,578 - ERROR - Test Error Message
2024-12-03 15:26:39,578 - INFO - Test Info Message
2024-12-03 15:27:47,306 - INFO - Firewall initialized
2024-12-03 15:27:47,307 - ERROR - Error loading rules: RuleEngine.load_rules() takes 1 positional argument but 2 were given
2024-12-03 15:27:47,312 - ERROR - Test Error Message
2024-12-03 15:27:47,313 - INFO - Test Info Message
2024-12-03 15:29:03,080 - INFO - Firewall initialized
2024-12-03 15:29:03,080 - ERROR - Error loading rules: RuleEngine.load_rules() takes 1 positional argument but 2 were given
2024-12-03 15:29:03,085 - ERROR - Test Error Message
2024-12-03 15:29:03,085 - INFO - Test Info Message
2024-12-03 15:32:20,308 - INFO - Firewall initialized
2024-12-03 15:32:20,309 - ERROR - Error loading rules: RuleEngine.load_rules() takes 1 positional argument but 2 were given
2024-12-03 15:32:20,314 - ERROR - Test Error Message
2024-12-03 15:32:20,314 - INFO - Test Info Message
2024-12-03 17:43:57,907 - INFO - Firewall initialized
2024-12-03 17:43:57,908 - ERROR - Error loading rules: RuleEngine.load_rules() takes 1 positional argument but 2 were given
2024-12-03 17:43:57,914 - ERROR - Test Error Message
2024-12-03 17:43:57,915 - INFO - Test Info Message
2024-12-03 17:50:01,715 - INFO - Firewall initialized
2024-12-03 17:50:01,715 - ERROR - Error loading rules: RuleEngine.load_rules() takes 1 positional argument but 2 were given
2024-12-03 17:50:01,724 - ERROR - Test Error Message
2024-12-03 17:50:01,725 - INFO - Test Info Message
2024-12-03 17:50:19,980 - INFO - Firewall initialized
2024-12-03 17:50:19,980 - ERROR - Error loading rules: RuleEngine.load_rules() takes 1 positional argument but 2 were given
2024-12-03 17:50:19,987 - ERROR - Test Error Message
2024-12-03 17:50:19,987 - INFO - Test Info Message
2024-12-03 17:51:38,979 - INFO - Firewall initialized
2024-12-03 17:51:38,980 - ERROR - Error loading rules: RuleEngine.load_rules() takes 1 positional argument but 2 were given
2024-12-03 17:51:38,985 - ERROR - Test Error Message
2024-12-03 17:51:38,985 - INFO - Test Info Message
2024-12-03 17:53:19,316 - INFO - Firewall initialized
2024-12-03 17:53:19,316 - ERROR - Error loading rules: RuleEngine.load_rules() takes 1 positional argument but 2 were given
2024-12-03 17:53:19,323 - ERROR - Test Error Message
2024-12-03 17:53:19,324 - INFO - Test Info Message
2024-12-03 17:53:42,076 - INFO - Firewall initialized
2024-12-03 17:53:42,077 - ERROR - Error loading rules: RuleEngine.load_rules() takes 1 positional argument but 2 were given
2024-12-03 17:53:42,082 - ERROR - Test Error Message
2024-12-03 17:53:42,083 - INFO - Test Info Message
2024-12-03 17:55:24,862 - INFO - Firewall initialized
2024-12-03 17:55:24,862 - ERROR - Error loading rules: RuleEngine.load_rules() takes 1 positional argument but 2 were given
2024-12-03 17:55:24,868 - ERROR - Test Error Message
2024-12-03 17:55:24,868 - INFO - Test Info Message
2024-12-03 17:57:30,339 - INFO - Firewall initialized
2024-12-03 17:57:30,340 - ERROR - Error loading rules: RuleEngine.load_rules() takes 1 positional argument but 2 were given
2024-12-03 17:57:30,345 - ERROR - Test Error Message
2024-12-03 17:57:30,345 - INFO - Test Info Message
2024-12-03 18:02:41,348 - INFO - Firewall initialized
2024-12-03 18:02:41,348 - ERROR - Error loading rules: RuleEngine.load_rules() takes 1 positional argument but 2 were given
2024-12-03 18:02:41,354 - ERROR - Test Error Message
2024-12-03 18:02:41,355 - INFO - Test Info Message
2024-12-03 18:04:04,273 - INFO - Firewall initialized
2024-12-03 18:04:04,273 - ERROR - Error loading rules: RuleEngine.load_rules() takes 1 positional argument but 2 were given
2024-12-03 18:04:04,279 - ERROR - Test Error Message
2024-12-03 18:04:04,280 - INFO - Test Info Message
2024-12-03 18:04:53,020 - INFO - Firewall initialized
2024-12-03 18:04:53,021 - ERROR - Error loading rules: RuleEngine.load_rules() takes 1 positional argument but 2 were given
2024-12-03 18:04:53,026 - ERROR - Test Error Message
2024-12-03 18:04:53,026 - INFO - Test Info Message
2024-12-03 18:05:44,175 - INFO - Firewall initialized
2024-12-03 18:05:44,175 - ERROR - Error loading rules: RuleEngine.load_rules() takes 1 positional argument but 2 were given
2024-12-03 18:05:44,181 - ERROR - Test Error Message
2024-12-03 18:05:44,181 - INFO - Test Info Message
2024-12-03 18:08:57,566 - INFO - Firewall initialized
2024-12-03 18:08:57,566 - ERROR - Error loading rules: RuleEngine.load_rules() takes 1 positional argument but 2 were given
2024-12-03 18:08:57,569 - ERROR - Test Error Message
2024-12-03 18:08:57,569 - INFO - Test Info Message
2024-12-03 18:11:46,923 - INFO - Firewall initialized
2024-12-03 18:11:46,923 - ERROR - Error loading rules: RuleEngine.load_rules() takes 1 positional argument but 2 were given
2024-12-03 18:11:46,927 - ERROR - Test Error Message
2024-12-03 18:11:46,927 - INFO - Test Info Message
2024-12-03 18:15:21,600 - INFO - Firewall initialized
2024-12-03 18:15:21,601 - ERROR - Error loading rules: RuleEngine.load_rules() takes 1 positional argument but 2 were given
2024-12-03 18:15:21,604 - ERROR - Test Error Message
2024-12-03 18:15:21,604 - INFO - Test Info Message
2024-12-03 18:16:15,880 - INFO - Firewall initialized
2024-12-03 18:16:15,881 - ERROR - Error loading rules: RuleEngine.load_rules() takes 1 positional argument but 2 were given
2024-12-03 18:16:15,883 - ERROR - Test Error Message
2024-12-03 18:16:15,884 - INFO - Test Info Message
2024-12-03 18:18:22,167 - INFO - Firewall initialized
2024-12-03 18:18:22,167 - ERROR - Error loading rules: RuleEngine.load_rules() takes 1 positional argument but 2 were given
2024-12-03 18:18:22,171 - ERROR - Test Error Message
2024-12-03 18:18:22,171 - INFO - Test Info Message
2024-12-03 18:20:09,218 - INFO - Firewall initialized
2024-12-03 18:20:09,218 - ERROR - Error loading rules: RuleEngine.load_rules() takes 1 positional argument but 2 were given
2024-12-03 18:20:09,221 - ERROR - Test Error Message
2024-12-03 18:20:09,221 - INFO - Test Info Message
2024-12-03 18:21:29,252 - INFO - Firewall initialized
2024-12-03 18:21:29,253 - ERROR - Error loading rules: RuleEngine.load_rules() takes 1 positional argument but 2 were given
2024-12-03 18:21:29,256 - ERROR - Test Error Message
2024-12-03 18:21:29,256 - INFO - Test Info Message
2024-12-03 18:21:48,661 - INFO - Firewall initialized
2024-12-03 18:21:48,661 - ERROR - Error loading rules: RuleEngine.load_rules() takes 1 positional argument but 2 were given
2024-12-03 18:21:48,665 - ERROR - Test Error Message
2024-12-03 18:21:48,665 - INFO - Test Info Message
2024-12-03 18:22:04,683 - INFO - Firewall initialized
2024-12-03 18:22:04,683 - ERROR - Error loading rules: RuleEngine.load_rules() takes 1 positional argument but 2 were given
2024-12-03 18:22:04,686 - ERROR - Test Error Message
2024-12-03 18:22:04,686 - INFO - Test Info Message
2024-12-03 18:22:24,168 - INFO - Firewall initialized
2024-12-03 18:22:24,168 - ERROR - Error loading rules: RuleEngine.load_rules() takes 1 positional argument but 2 were given
2024-12-03 18:22:24,171 - ERROR - Test Error Message
2024-12-03 18:22:24,172 - INFO - Test Info Message
2024-12-03 18:54:54,629 - INFO - Firewall initialized
2024-12-03 18:54:54,629 - ERROR - Error loading rules: RuleEngine.load_rules() takes 1 positional argument but 2 were given
2024-12-03 18:54:54,631 - ERROR - Test Error Message
2024-12-03 18:54:54,631 - INFO - Test Info Message
2024-12-03 18:56:11,143 - INFO - Firewall initialized
2024-12-03 18:56:11,143 - ERROR - Error loading rules: RuleEngine.load_rules() takes 1 positional argument but 2 were given
2024-12-03 18:57:08,589 - INFO - Firewall initialized
2024-12-03 18:57:08,589 - ERROR - Error loading rules: RuleEngine.load_rules() takes 1 positional argument but 2 were given
2024-12-03 18:57:12,293 - INFO - Firewall initialized
2024-12-03 18:57:12,293 - ERROR - Error loading rules: RuleEngine.load_rules() takes 1 positional argument but 2 were given
2024-12-03 18:57:12,295 - ERROR - Test Error Message
2024-12-03 18:57:12,296 - INFO - Test Info Message
2024-12-03 18:57:48,217 - INFO - Firewall initialized
2024-12-03 18:57:48,218 - ERROR - Error loading rules: RuleEngine.load_rules() takes 1 positional argument but 2 were given
2024-12-03 18:58:25,604 - INFO - Firewall initialized
2024-12-03 18:58:25,605 - ERROR - Error loading rules: RuleEngine.load_rules() takes 1 positional argument but 2 were given
2024-12-03 18:58:47,018 - INFO - Firewall initialized
2024-12-03 18:58:47,018 - ERROR - Error loading rules: RuleEngine.load_rules() takes 1 positional argument but 2 were given
2024-12-03 19:28:25,475 - INFO - Firewall initialized
2024-12-03 19:30:57,987 - INFO - Firewall initialized
2024-12-03 19:32:01,377 - INFO - Firewall initialized
2024-12-03 19:32:41,805 - INFO - Firewall initialized
2024-12-03 19:33:15,484 - INFO - Firewall initialized
2024-12-03 19:38:13,793 - INFO - Firewall initialized
2024-12-03 19:38:33,309 - INFO - Firewall initialized
2024-12-03 19:40:41,688 - INFO - Firewall initialized
2024-12-03 19:44:49,353 - INFO - Firewall initialized
2024-12-03 19:45:06,435 - INFO - Firewall initialized
2024-12-03 19:45:45,023 - INFO - Firewall initialized
2024-12-03 19:46:47,240 - INFO - Firewall initialized
2024-12-03 19:47:26,592 - INFO - Firewall initialized
2024-12-03 19:51:06,383 - INFO - Firewall initialized
2024-12-03 19:51:06,386 - ERROR - Test Error Message
2024-12-03 19:51:06,387 - INFO - Test Info Message
2024-12-03 19:53:19,116 - INFO - Firewall initialized
2024-12-03 19:53:19,119 - ERROR - Test Error Message
2024-12-03 19:53:19,119 - INFO - Test Info Message
2024-12-03 19:54:55,762 - INFO - Firewall initialized
2024-12-03 19:54:55,765 - ERROR - Test Error Message
2024-12-03 19:54:55,766 - INFO - Test Info Message
2024-12-04 17:37:33,512 - INFO - Firewall initialized
2024-12-04 17:37:33,517 - ERROR - Test Error Message
2024-12-04 17:37:33,518 - INFO - Test Info Message
2024-12-04 17:41:42,193 - INFO - Firewall initialized
2024-12-04 17:41:42,197 - ERROR - Test Error Message
2024-12-04 17:41:42,198 - INFO - Test Info Message
2024-12-04 17:42:06,883 - INFO - Firewall initialized
2024-12-04 17:42:06,887 - INFO - Test Info Message
2024-12-04 17:45:12,271 - INFO - Firewall initialized
2024-12-04 17:45:12,277 - INFO - Test Info Message
2024-12-04 17:50:22,985 - INFO - Firewall initialized
2024-12-04 17:50:22,990 - INFO - Test Info Message
2024-12-04 17:54:13,491 - INFO - Firewall initialized
2024-12-04 17:54:13,496 - INFO - Test Info Message
2024-12-04 18:12:28,050 - INFO - Firewall initialized
2024-12-04 18:12:28,053 - ERROR - Test Error Message
2024-12-04 18:12:28,054 - INFO - Test Info Message
2024-12-04 18:19:17,875 - INFO - Firewall initialized
2024-12-04 18:19:54,754 - INFO - Firewall initialized
2024-12-04 18:19:54,754 - ERROR - Error loading rules: RuleEngine.load_rules() takes 1 positional argument but 2 were given
2024-12-09 11:42:33,288 - INFO - Firewall initialized
2024-12-09 11:42:33,289 - ERROR - Error loading rules: RuleEngine.load_rules() takes 1 positional argument but 2 were given
2024-12-09 11:43:52,268 - INFO - Firewall initialized
2024-12-09 11:43:52,268 - ERROR - Error loading rules: RuleEngine.load_rules() takes 1 positional argument but 2 were given
2024-12-09 11:43:59,479 - INFO - Firewall initialized
2024-12-09 11:43:59,479 - ERROR - Error loading rules: RuleEngine.load_rules() takes 1 positional argument but 2 were given
2024-12-09 11:43:59,480 - INFO - Rule added: {'action': 'allow', 'protocol': 'tcp', 'port': 80, 'source_ip': '192.168.1.1'}
2024-12-09 11:44:05,183 - INFO - Firewall initialized
2024-12-09 11:44:19,692 - INFO - Firewall initialized
2024-12-09 11:44:23,337 - INFO - Firewall initialized
2024-12-09 12:13:27,282 - INFO - Firewall initialized
2024-12-09 12:13:36,814 - INFO - Firewall initialized
2024-12-09 12:13:44,087 - INFO - Firewall initialized
2024-12-09 12:14:18,694 - INFO - Firewall initialized
2024-12-09 12:28:43,965 - INFO - Firewall initialized
2024-12-09 12:28:47,578 - INFO - Firewall initialized
2024-12-09 12:29:10,000 - INFO - Firewall initialized
2024-12-09 12:29:14,973 - INFO - Firewall initialized
2024-12-09 12:30:39,154 - INFO - Firewall initialized
2024-12-09 12:30:50,261 - INFO - Firewall initialized
2024-12-09 12:30:50,262 - INFO - Rule added: {'action': 'allow', 'protocol': 'tcp', 'port': 80, 'source_ip': '192.168.1.1'}
2024-12-14 18:30:07,409 - INFO - Firewall initialized
2024-12-14 18:30:31,075 - INFO - Firewall initialized
2024-12-14 18:30:56,223 - INFO - Firewall initialized
2024-12-14 18:31:13,553 - INFO - Firewall initialized
2024-12-14 18:31:34,132 - INFO - Firewall initialized
2024-12-14 18:31:47,451 - INFO - Firewall initialized
2024-12-14 18:31:56,086 - INFO - Firewall initialized
2024-12-14 18:32:07,618 - INFO - Firewall initialized
2024-12-14 18:32:18,784 - INFO - Firewall initialized
2024-12-14 18:32:34,260 - INFO - Firewall initialized
2024-12-14 18:37:43,349 - INFO - Firewall initialized
2024-12-14 18:38:03,614 - INFO - Firewall initialized
2024-12-14 18:38:07,658 - INFO - Firewall initialized
2024-12-14 18:47:35,981 - INFO - Firewall initialized
2024-12-14 18:53:03,552 - INFO - Firewall initialized
2024-12-14 18:53:08,560 - INFO - Firewall initialized
2024-12-14 18:58:35,335 - INFO - Firewall initialized
2024-12-14 19:02:26,090 - INFO - Firewall initialized
2024-12-14 19:02:33,847 - INFO - Firewall initialized
2024-12-14 19:02:39,566 - INFO - Firewall initialized
2024-12-14 19:02:56,756 - INFO - Firewall initialized
2024-12-14 19:50:20,956 - INFO - Firewall initialized
2024-12-14 19:52:33,836 - INFO - Firewall initialized
2024-12-14 19:52:33,836 - ERROR - Error loading rules: RuleEngine.load_rules() takes 1 positional argument but 2 were given
2024-12-14 19:52:33,858 - ERROR - Test Error Message
2024-12-14 19:52:33,858 - INFO - Test Info Message
2024-12-14 19:52:50,007 - INFO - Firewall initialized
2024-12-14 19:52:50,007 - ERROR - Error loading rules: RuleEngine.load_rules() takes 1 positional argument but 2 were given
2024-12-14 19:52:58,316 - INFO - Firewall initialized
2024-12-14 19:52:58,316 - ERROR - Error loading rules: RuleEngine.load_rules() takes 1 positional argument but 2 were given
2024-12-14 19:53:03,045 - INFO - Firewall initialized
2024-12-14 19:53:03,046 - ERROR - Error loading rules: RuleEngine.load_rules() takes 1 positional argument but 2 were given
2024-12-14 19:54:25,176 - INFO - Firewall initialized
2024-12-14 19:54:25,176 - ERROR - Error loading rules: RuleEngine.load_rules() takes 1 positional argument but 2 were given
2024-12-14 19:55:00,768 - INFO - Firewall initialized
2024-12-14 19:55:00,768 - ERROR - Error loading rules: RuleEngine.load_rules() takes 1 positional argument but 2 were given
2024-12-14 19:55:40,644 - INFO - Firewall initialized
2024-12-14 19:55:40,644 - ERROR - Error loading rules: RuleEngine.load_rules() takes 1 positional argument but 2 were given
2024-12-14 19:55:40,646 - INFO - Rule added: {'src': '192.168.1.10', 'action': 'BLOCK'}
2024-12-14 19:56:54,549 - INFO - Firewall initialized
2024-12-14 19:56:54,551 - INFO - Rule added: {'src': '20.189.173.4', 'action': 'BLOCK'}
2024-12-14 19:57:00,652 - INFO - Firewall initialized
2024-12-14 19:57:15,853 - INFO - Firewall initialized
2024-12-14 19:57:15,855 - INFO - Rule added: {'src': '20.189.173.4', 'action': 'BLOCK'}
2024-12-14 19:57:24,233 - INFO - Firewall initialized
2024-12-14 19:57:24,234 - INFO - Rule removed: {'src': '20.189.173.4', 'action': 'BLOCK'}
2024-12-14 19:57:27,844 - INFO - Firewall initialized
2024-12-14 19:57:27,846 - INFO - Rule removed: {'src': '20.189.173.4', 'action': 'BLOCK'}
2024-12-14 19:57:33,361 - INFO - Firewall initialized
2024-12-14 19:58:03,122 - INFO - Firewall initialized
2024-12-14 19:58:03,124 - INFO - Rule removed: {'src': '192.168.1.10', 'action': 'BLOCK'}
2024-12-14 19:58:07,809 - INFO - Firewall initialized
2024-12-14 19:58:07,809 - ERROR - Error loading rules: RuleEngine.load_rules() takes 1 positional argument but 2 were given
2024-12-14 19:58:33,545 - INFO - Firewall initialized
2024-12-14 19:58:33,545 - ERROR - Error loading rules: RuleEngine.load_rules() takes 1 positional argument but 2 were given
2024-12-14 19:58:39,214 - INFO - Firewall initialized
2024-12-14 19:58:39,214 - ERROR - Error loading rules: RuleEngine.load_rules() takes 1 positional argument but 2 were given
2024-12-14 20:00:00,607 - INFO - Firewall initialized
2024-12-14 20:00:00,608 - ERROR - Error loading rules: RuleEngine.load_rules() takes 1 positional argument but 2 were given
2024-12-14 20:04:26,095 - INFO - Firewall initialized
2024-12-14 20:04:26,095 - INFO - Rules loaded successfully
2024-12-14 20:04:45,041 - INFO - Firewall initialized
2024-12-14 20:04:45,042 - INFO - Rules loaded successfully
2024-12-14 20:04:50,451 - INFO - Firewall initialized
2024-12-14 20:04:50,451 - INFO - Rules loaded successfully
2024-12-14 20:04:50,462 - INFO - Rule added: {'src': '20.189.173.4', 'action': 'BLOCK'}
2024-12-14 20:04:53,435 - INFO - Firewall initialized
2024-12-14 20:44:00,249 - INFO - Firewall initialized
2024-12-14 21:08:47,719 - INFO - Firewall initialized
2024-12-14 21:09:07,182 - INFO - Firewall initialized
2024-12-14 21:09:09,780 - INFO - Firewall initialized
2024-12-14 21:09:39,159 - INFO - Firewall initialized
2024-12-14 21:10:01,414 - INFO - Firewall initialized
2024-12-14 21:19:45,475 - INFO - Firewall initialized
2024-12-14 21:20:04,535 - INFO - Firewall initialized
2024-12-14 21:20:04,537 - INFO - Rule added: {'src': '20.189.173.4', 'action': 'BLOCK'}
2024-12-14 21:20:11,738 - INFO - Firewall initialized
2024-12-14 21:22:09,170 - INFO - Firewall initialized
2024-12-14 15:56:30,536 - INFO - Firewall initialized
2025-07-11 10:02:27,089 - INFO - Firewall initialized
2025-07-11 10:02:38,252 - INFO - Firewall initialized
2025-07-11 10:02:45,162 - INFO - Firewall initialized
2025-07-11 10:03:43,590 - INFO - Firewall initialized
2025-07-11 10:04:10,913 - INFO - Firewall initialized
2025-07-11 16:21:47,219 - INFO - Firewall initialized
2025-07-11 16:21:52,519 - INFO - Firewall initialized
2025-07-11 16:24:18,657 - INFO - Firewall initialized
2025-07-11 16:24:25,935 - INFO - Firewall initialized
2025-07-11 16:40:31,322 - INFO - Firewall initialized
2025-07-11 16:56:04,090 - INFO - Firewall initialized
2025-07-11 16:57:07,344 - INFO - Firewall initialized
2025-07-11 16:57:12,867 - INFO - Firewall initialized
2025-07-11 16:57:19,307 - INFO - Firewall initialized
2025-07-11 16:57:24,444 - INFO - Firewall initialized
2025-07-12 10:00:37,601 - INFO - Firewall initialized
2025-07-12 10:00:52,956 - INFO - Firewall initialized
2025-07-12 10:01:54,634 - INFO - Firewall initialized
2025-07-12 10:02:19,793 - INFO - Firewall initialized
2025-07-12 10:02:25,277 - INFO - Firewall initialized
2025-07-12 10:05:11,635 - INFO - Firewall initialized
2025-07-12 10:05:24,311 - INFO - Firewall initialized
2025-07-12 10:06:38,695 - INFO - Firewall initialized
2025-07-12 10:07:53,612 - INFO - Firewall initialized
2025-07-12 10:08:48,392 - INFO - Firewall initialized
2025-07-12 10:08:57,034 - INFO - Firewall initialized
2025-07-12 10:17:03,523 - INFO - Firewall initialized
2025-07-12 10:17:47,442 - INFO - Firewall initialized
2025-07-12 10:20:54,703 - INFO - Firewall initialized
2025-07-12 10:23:57,684 - INFO - Firewall initialized
2025-07-12 10:25:48,204 - INFO - Firewall initialized
2025-07-12 10:27:53,267 - INFO - Firewall initialized
2025-07-12 10:28:25,983 - INFO - Firewall initialized
2025-07-12 10:28:41,203 - INFO - Firewall initialized
2025-07-12 10:28:47,072 - INFO - Firewall initialized
2025-07-12 10:29:10,412 - INFO - Firewall initialized
2025-07-12 10:29:41,733 - INFO - Firewall initialized
2025-07-12 10:29:48,395 - INFO - Firewall initialized
2025-07-12 10:31:10,477 - INFO - Firewall initialized
2025-07-12 10:31:14,496 - INFO - Firewall initialized
2025-07-12 10:31:32,773 - INFO - Firewall initialized
2025-07-12 10:31:47,239 - INFO - Firewall initialized
2025-07-12 10:32:00,781 - INFO - Firewall initialized
2025-07-12 10:33:40,354 - INFO - Firewall initialized
2025-07-12 10:33:40,366 - ERROR - Test Error Message
2025-07-12 10:33:40,366 - INFO - Test Info Message
2025-07-12 10:35:14,752 - INFO - Firewall initialized
2025-07-12 10:35:14,752 - INFO - Rules loaded successfully
2025-07-12 10:36:53,266 - INFO - Firewall initialized
2025-07-12 10:36:53,266 - INFO - Rules loaded successfully
2025-07-12 11:00:26,090 - INFO - Firewall initialized
2025-07-12 11:00:26,090 - INFO - Rules loaded successfully
2025-07-12 11:00:26,092 - INFO - Rule added: {'src': '8.8.8.8', 'action': 'BLOCK'}
2025-07-12 11:05:27,574 - INFO - Firewall initialized
2025-07-12 11:05:39,850 - INFO - Firewall initialized
2025-07-12 11:08:49,220 - INFO - Firewall initialized
2025-07-12 11:10:27,517 - INFO - Firewall initialized
2025-07-12 11:14:46,128 - INFO - Firewall initialized
2025-07-12 11:15:12,308 - INFO - Firewall initialized
2025-07-12 12:31:58,740 - INFO - Firewall initialized
2025-07-12 12:32:05,310 - INFO - Firewall initialized
2025-07-12 12:32:50,639 - INFO - Firewall initialized
2025-07-12 12:33:22,522 - INFO - Firewall initialized
2025-07-12 12:33:45,237 - INFO - Firewall initialized
2025-07-12 12:45:08,150 - INFO - Firewall initialized
2025-07-12 12:45:18,320 - INFO - Firewall initialized
2025-07-12 12:48:44,365 - INFO - Firewall initialized
2025-07-12 12:55:27,352 - INFO - Firewall initialized
2025-07-12 12:57:16,612 - INFO - Firewall initialized
2025-07-12 13:02:26,075 - INFO - Firewall initialized
2025-07-12 13:02:29,792 - INFO - Firewall initialized
2025-07-12 13:04:38,146 - INFO - Firewall initialized
2025-07-12 13:04:38,365 - INFO - TCP 140.82.112.25:443 -> 192.168.1.70:41084 ALLOW
2025-07-12 13:04:38,366 - INFO - TCP 192.168.1.70:41084 -> 140.82.112.25:443 ALLOW
2025-07-12 13:04:38,774 - INFO - TCP 140.82.112.25:443 -> 192.168.1.70:41084 ALLOW
2025-07-12 13:04:38,804 - INFO - UDP 192.168.1.70:33621 -> 8.8.8.8:53 ALLOW
2025-07-12 13:04:38,805 - INFO - UDP 192.168.1.70:52339 -> 8.8.8.8:53 ALLOW
2025-07-12 13:04:38,806 - INFO - UDP 192.168.1.70:57056 -> 8.8.8.8:53 ALLOW
2025-07-12 13:04:38,807 - INFO - UDP 192.168.1.70:48082 -> 8.8.8.8:53 ALLOW
2025-07-12 13:04:38,809 - INFO - TCP 192.168.1.70:47760 -> 140.82.114.21:443 ALLOW
2025-07-12 13:04:38,823 - INFO - UDP 8.8.8.8:53 -> 192.168.1.70:33621 ALLOW
2025-07-12 13:04:38,832 - INFO - UDP 8.8.8.8:53 -> 192.168.1.70:57056 ALLOW
2025-07-12 13:04:38,833 - INFO - UDP 8.8.8.8:53 -> 192.168.1.70:52339 ALLOW
2025-07-12 13:04:38,835 - INFO - UDP 8.8.8.8:53 -> 192.168.1.70:48082 ALLOW
2025-07-12 13:04:39,185 - INFO - TCP 140.82.114.21:443 -> 192.168.1.70:47760 ALLOW
2025-07-12 13:04:39,185 - INFO - TCP 192.168.1.70:47760 -> 140.82.114.21:443 ALLOW
2025-07-12 13:04:39,186 - INFO - TCP 192.168.1.70:47760 -> 140.82.114.21:443 ALLOW
2025-07-12 13:04:39,495 - INFO - TCP 140.82.114.21:443 -> 192.168.1.70:47760 ALLOW
2025-07-12 13:04:39,496 - INFO - TCP 140.82.114.21:443 -> 192.168.1.70:47760 ALLOW
2025-07-12 13:04:39,497 - INFO - TCP 192.168.1.70:47760 -> 140.82.114.21:443 ALLOW
2025-07-12 13:04:39,497 - INFO - TCP 192.168.1.70:47760 -> 140.82.114.21:443 ALLOW
2025-07-12 13:04:39,499 - INFO - TCP 140.82.114.21:443 -> 192.168.1.70:47760 ALLOW
2025-07-12 13:04:39,500 - INFO - TCP 192.168.1.70:47760 -> 140.82.114.21:443 ALLOW
2025-07-12 13:04:39,502 - INFO - TCP 192.168.1.70:47760 -> 140.82.114.21:443 ALLOW
2025-07-12 13:04:39,503 - INFO - TCP 192.168.1.70:47760 -> 140.82.114.21:443 ALLOW
2025-07-12 13:04:39,504 - INFO - TCP 192.168.1.70:47760 -> 140.82.114.21:443 ALLOW
2025-07-12 13:04:39,504 - INFO - TCP 192.168.1.70:47760 -> 140.82.114.21:443 ALLOW
2025-07-12 13:04:39,505 - INFO - TCP 192.168.1.70:47760 -> 140.82.114.21:443 ALLOW
2025-07-12 13:04:39,505 - INFO - TCP 192.168.1.70:47760 -> 140.82.114.21:443 ALLOW
2025-07-12 13:04:39,902 - INFO - TCP 140.82.114.21:443 -> 192.168.1.70:47760 ALLOW
2025-07-12 13:04:39,903 - INFO - TCP 140.82.114.21:443 -> 192.168.1.70:47760 ALLOW
2025-07-12 13:04:39,903 - INFO - TCP 140.82.114.21:443 -> 192.168.1.70:47760 ALLOW
2025-07-12 13:04:39,904 - INFO - TCP 140.82.114.21:443 -> 192.168.1.70:47760 ALLOW
2025-07-12 13:04:39,904 - INFO - TCP 140.82.114.21:443 -> 192.168.1.70:47760 ALLOW
2025-07-12 13:04:39,905 - INFO - TCP 140.82.114.21:443 -> 192.168.1.70:47760 ALLOW
2025-07-12 13:04:39,905 - INFO - TCP 140.82.114.21:443 -> 192.168.1.70:47760 ALLOW
2025-07-12 13:04:39,906 - INFO - TCP 192.168.1.70:47760 -> 140.82.114.21:443 ALLOW
2025-07-12 13:04:39,907 - INFO - TCP 192.168.1.70:47760 -> 140.82.114.21:443 ALLOW
2025-07-12 13:04:39,908 - INFO - TCP 192.168.1.70:47760 -> 140.82.114.21:443 ALLOW
2025-07-12 13:04:39,908 - INFO - TCP 192.168.1.70:47760 -> 140.82.114.21:443 ALLOW
2025-07-12 13:04:39,909 - INFO - TCP 192.168.1.70:47760 -> 140.82.114.21:443 ALLOW
2025-07-12 13:04:39,909 - INFO - TCP 192.168.1.70:47760 -> 140.82.114.21:443 ALLOW
2025-07-12 13:04:39,910 - INFO - TCP 192.168.1.70:47760 -> 140.82.114.21:443 ALLOW
2025-07-12 13:04:39,911 - INFO - TCP 192.168.1.70:47760 -> 140.82.114.21:443 ALLOW
2025-07-12 13:04:39,911 - INFO - TCP 192.168.1.70:47760 -> 140.82.114.21:443 ALLOW
2025-07-12 13:04:39,912 - INFO - TCP 192.168.1.70:47760 -> 140.82.114.21:443 ALLOW
2025-07-12 13:04:39,913 - INFO - TCP 192.168.1.70:47760 -> 140.82.114.21:443 ALLOW
2025-07-12 13:04:49,499 - INFO - Firewall initialized
2025-07-12 13:07:06,857 - INFO - Firewall initialized
2025-07-12 13:07:39,963 - INFO - Firewall initialized
2025-07-12 13:08:08,349 - INFO - Firewall initialized
2025-07-12 13:08:19,113 - INFO - Firewall initialized
2025-07-12 13:08:46,434 - INFO - Firewall initialized
2025-07-12 13:12:14,674 - INFO - Firewall initialized
2025-07-12 13:12:22,114 - INFO - Firewall initialized
2025-07-12 13:20:08,076 - INFO - Firewall initialized
2025-07-12 13:32:53,904 - INFO - Firewall initialized
2025-07-12 13:32:53,905 - INFO - Rule added: {'src': '1.2.3.4', 'action': 'ALLOW'}
2025-07-12 13:33:05,726 - INFO - Firewall initialized
2025-07-12 13:33:05,727 - ERROR - Error adding rule: Action must be ALLOW or BLOCK
2025-07-12 13:33:14,773 - INFO - Firewall initialized
2025-07-12 13:33:14,774 - INFO - Rule added: {'src': '1.2.3', 'action': 'ALLOW'}
2025-07-12 13:35:47,702 - INFO - Firewall initialized
2025-07-12 13:35:47,702 - ERROR - Error adding rule: Invalid IP address
2025-07-12 13:36:12,798 - INFO - Firewall initialized
2025-07-12 13:36:12,799 - INFO - Rule added: {'src': '1.2.3.4', 'action': 'ALLOW'}
2025-07-12 13:36:20,714 - INFO - Firewall initialized
2025-07-12 13:36:32,797 - INFO - Firewall initialized
2025-07-12 13:36:32,797 - ERROR - Error removing rule: Invalid IP address
2025-07-12 13:36:40,288 - INFO - Firewall initialized
2025-07-12 13:36:40,288 - ERROR - Error removing rule: Invalid IP address
2025-07-12 13:37:06,326 - INFO - Firewall initialized
2025-07-12 13:37:06,327 - ERROR - Error adding rule: not enough values to unpack (expected 2, got 1)
2025-07-12 13:38:08,793 - INFO - Firewall initialized
2025-07-12 13:38:08,794 - INFO - Rule removed: {'src': '1.2.3.4', 'action': 'ALLOW'}
2025-07-12 13:38:27,220 - INFO - Firewall initialized
2025-07-12 13:38:27,220 - ERROR - Error removing rule: Invalid IP address
2025-07-12 13:39:23,780 - INFO - Firewall initialized
2025-07-12 13:39:23,781 - ERROR - Error removing rule: Invalid IP address
2025-07-12 13:39:28,072 - INFO - Firewall initialized
2025-07-12 13:39:45,517 - INFO - Firewall initialized
2025-07-12 13:39:45,518 - INFO - Rule removed: {'src': '1.2.3.4', 'action': 'ALLOW'}
2025-07-12 13:40:02,406 - INFO - Firewall initialized
2025-07-12 13:40:02,407 - INFO - Rule added: {'src': '1.2.3.4', 'action': 'ALLOW'}
2025-07-12 13:42:33,873 - INFO - Firewall initialized
2025-07-12 13:42:33,874 - INFO - Rule added: {'src': '1.2.3.4', 'action': 'ALLOW'}
2025-07-12 13:49:19,230 - INFO - Firewall initialized
2025-07-12 13:49:19,231 - INFO - Rule removed: {'src': '1.2.3.4', 'action': 'ALLOW'}
2025-07-12 13:54:35,844 - INFO - Firewall initialized
2025-07-12 13:54:35,845 - INFO - Rule removed: {'src': '1.2.3.4', 'action': 'ALLOW'}
2025-07-12 14:21:57,236 - INFO - Firewall initialized
2025-07-12 15:31:41,790 - INFO - Firewall initialized
2025-07-12 15:56:56,684 - INFO - Firewall initialized
2025-07-12 15:58:42,406 - INFO - Firewall initialized
2025-07-12 15:59:00,569 - INFO - Firewall initialized
2025-07-12 15:59:15,846 - INFO - Firewall initialized
2025-07-12 15:59:27,822 - INFO - Firewall initialized
2025-07-12 15:59:54,866 - INFO - Firewall initialized
2025-07-12 16:00:57,540 - INFO - Firewall initialized
2025-07-12 16:01:29,989 - INFO - Firewall initialized
2025-07-12 16:01:42,598 - INFO - Firewall initialized
2025-07-12 16:14:49,251 - INFO - Firewall initialized
2025-07-12 16:14:49,251 - INFO - Port block rule added: {'port': 22, 'action': 'BLOCK'}
2025-07-12 16:15:01,766 - INFO - Firewall initialized
2025-07-12 16:17:23,890 - INFO - Firewall initialized
2025-07-12 16:17:23,890 - INFO - Port block rule removed: {'port': 22, 'action': 'BLOCK'}
2025-07-12 16:17:25,926 - INFO - Firewall initialized
2025-07-12 16:17:25,926 - INFO - Port block rule removed: {'port': 22, 'action': 'BLOCK'}
2025-07-12 16:17:31,827 - INFO - Firewall initialized
2025-07-12 16:17:31,827 - INFO - Port block rule removed: {'port': 222, 'action': 'BLOCK'}
2025-07-12 16:17:48,382 - INFO - Firewall initialized
2025-07-12 16:17:48,382 - INFO - Port block rule added: {'port': 222, 'action': 'BLOCK'}
2025-07-12 16:17:58,723 - INFO - Firewall initialized
2025-07-12 16:17:58,724 - INFO - Port block rule removed: {'port': 222, 'action': 'BLOCK'}
2025-07-12 16:22:21,913 - INFO - Firewall initialized
2025-07-12 16:22:24,058 - INFO - Firewall initialized
2025-07-12 16:22:32,549 - INFO - Firewall initialized
2025-07-12 16:22:39,752 - INFO - Firewall initialized
2025-07-12 16:22:39,753 - INFO - Port block rule added: {'port': 22, 'action': 'BLOCK'}
2025-07-12 16:25:30,622 - INFO - Firewall initialized
2025-07-12 16:25:38,388 - INFO - Firewall initialized
2025-07-12 16:25:47,327 - INFO - Firewall initialized
2025-07-12 16:25:47,333 - ERROR - Test Error Message
2025-07-12 16:25:47,333 - INFO - Test Info Message
2025-07-12 16:49:36,150 - INFO - Firewall initialized
2025-07-12 16:49:36,150 - INFO - Rules loaded successfully
2025-07-12 16:49:53,346 - INFO - Firewall initialized
2025-07-12 16:49:53,346 - INFO - Rules loaded successfully
2025-07-12 16:50:39,999 - INFO - Firewall initialized
2025-07-12 16:50:39,999 - INFO - Rules loaded successfully
2025-07-12 16:52:10,168 - INFO - Firewall initialized
2025-07-12 16:52:10,168 - INFO - Rules loaded successfully
2025-07-12 16:52:41,723 - INFO - Firewall initialized
2025-07-12 16:52:41,724 - INFO - Rules loaded successfully
2025-07-12 16:54:30,828 - INFO - Firewall initialized
2025-07-12 16:54:30,828 - INFO - Rules loaded successfully
2025-07-12 16:54:49,128 - INFO - Firewall initialized
2025-07-12 16:54:49,128 - INFO - Rules loaded successfully
2025-07-12 16:59:03,868 - INFO - Firewall initialized
2025-07-12 16:59:03,869 - INFO - Rules loaded successfully
2025-07-12 17:03:32,373 - INFO - Firewall initialized
2025-07-12 17:03:32,373 - INFO - Rules loaded successfully
2025-07-12 17:58:17,174 - INFO - Firewall initialized
2025-07-12 17:58:17,174 - INFO - Rules loaded successfully
2025-07-12 17:58:23,041 - INFO - Firewall initialized
2025-07-12 17:58:23,042 - INFO - Rules loaded successfully
2025-07-12 17:58:23,042 - INFO - Rule added: {'src': '8.8.8.8', 'action': 'BLOCK'}
2025-07-12 17:58:44,972 - INFO - Firewall initialized
2025-07-12 18:01:07,137 - INFO - Firewall initialized
2025-07-12 18:01:29,956 - INFO - Firewall initialized
2025-07-12 18:03:59,445 - INFO - Firewall initialized
2025-07-12 18:04:04,722 - INFO - Firewall initialized
2025-07-12 18:04:04,726 - INFO - Rule removed: {'src': '8.8.8.8', 'action': 'BLOCK'}
2025-07-12 18:04:21,145 - INFO - Firewall initialized
2025-07-12 18:04:21,145 - INFO - Rules loaded successfully
2025-07-12 18:04:26,081 - INFO - Firewall initialized
2025-07-12 18:04:26,082 - INFO - Rules loaded successfully
2025-07-12 18:04:33,770 - INFO - Firewall initialized
2025-07-12 18:04:33,770 - INFO - Rules loaded successfully
2025-07-12 18:04:33,771 - INFO - Rule added: {'src': '8.8.8.8', 'action': 'BLOCK'}
2025-07-12 18:04:50,748 - INFO - Firewall initialized
2025-07-12 18:05:02,919 - INFO - Firewall initialized
2025-07-12 18:08:39,925 - INFO - Firewall initialized
2025-07-12 18:09:57,159 - INFO - Firewall initialized
2025-07-12 18:31:48,698 - INFO - Firewall initialized
2025-07-12 18:31:48,698 - INFO - Port block rule added: {'port': 666, 'action': 'BLOCK'}
2025-07-12 18:31:55,329 - INFO - Firewall initialized
2025-07-12 18:33:46,941 - INFO - Firewall initialized
2025-07-12 18:33:51,909 - INFO - Firewall initialized
2025-07-12 18:34:40,570 - INFO - Firewall initialized
2025-07-12 18:34:40,570 - WARNING - All rules reset by user
2025-07-12 18:40:06,613 - INFO - Firewall initialized
2025-07-12 18:40:06,613 - INFO - Rules loaded successfully
2025-07-12 18:40:15,386 - INFO - Firewall initialized
2025-07-12 18:40:15,387 - INFO - Rules loaded successfully
2025-07-12 18:40:21,344 - INFO - Firewall initialized
2025-07-12 18:40:21,344 - INFO - Rules loaded successfully
2025-07-12 18:42:14,821 - INFO - Firewall initialized
2025-07-12 18:43:15,691 - INFO - Firewall initialized
2025-07-12 18:45:05,129 - INFO - Firewall initialized
2025-07-12 18:45:31,190 - INFO - Firewall initialized
2025-07-12 18:47:06,548 - INFO - Firewall initialized
2025-07-12 18:47:34,406 - INFO - Firewall initialized
2025-07-12 18:50:00,661 - INFO - Firewall initialized
2025-07-12 18:56:52,928 - INFO - Firewall initialized
2025-07-12 18:57:12,718 - INFO - Firewall initialized
2025-07-12 19:03:08,865 - INFO - Firewall initialized
